Arguments: 
  /usr/local/bin/node /usr/share/yarn/bin/yarn.js add optipng cjpeg

PATH: 
  /usr/local/sbin:/usr/local/bin:/usr/sbin:/usr/bin:/sbin:/bin:/usr/games:/usr/local/games:/snap/bin

Yarn version: 
  1.9.4

Node version: 
  10.8.0

Platform: 
  linux x64

Trace: 
  Error: https://registry.yarnpkg.com/cjpeg: Not found
      at Request.params.callback [as _callback] (/usr/share/yarn/lib/cli.js:64202:18)
      at Request.self.callback (/usr/share/yarn/lib/cli.js:137468:22)
      at Request.emit (events.js:182:13)
      at Request.<anonymous> (/usr/share/yarn/lib/cli.js:138440:10)
      at Request.emit (events.js:182:13)
      at IncomingMessage.<anonymous> (/usr/share/yarn/lib/cli.js:138362:12)
      at Object.onceWrapper (events.js:273:13)
      at IncomingMessage.emit (events.js:187:15)
      at endReadableNT (_stream_readable.js:1081:12)
      at process._tickCallback (internal/process/next_tick.js:63:19)

npm manifest: 
  {
    "name": "webpackTest",
    "version": "1.0.0",
    "description": "",
    "main": "index.js",
    "scripts": {
      "build": "webpack"
    },
    "author": "",
    "license": "ISC",
    "devDependencies": {
      "babel-core": "^6.26.3",
      "babel-loader": "^7.1.5",
      "babel-preset-env": "^1.7.0",
      "css-loader": "^1.0.0",
      "extract-text-webpack-plugin": "^2.0.0-beta.4",
      "image-webpack-loader": "^4.3.1",
      "style-loader": "^0.23.0",
      "url-loader": "^1.1.1",
      "webpack": "^2.2.0-rc.0"
    }
  }

yarn manifest: 
  No manifest

Lockfile: 
  No lockfile
